2016/12/07 17:08:14 INFO  - jmeter.util.JMeterUtils: Setting Locale to en_IN 
2016/12/07 17:08:14 INFO  - jmeter.JMeter: Loading user properties from: /opt/apache-jmeter-2.13/bin/user.properties 
2016/12/07 17:08:14 INFO  - jmeter.JMeter: Loading system properties from: /opt/apache-jmeter-2.13/bin/system.properties 
2016/12/07 17:08:14 INFO  - jmeter.JMeter: Setting System property: server_port=1099 
2016/12/07 17:08:15 INFO  - jmeter.JMeter: Copyright (c) 1998-2012 The Apache Software Foundation 
2016/12/07 17:08:15 INFO  - jmeter.JMeter: Version 2.8.20130705 
2016/12/07 17:08:15 INFO  - jmeter.JMeter: java.version=1.8.0_101 
2016/12/07 17:08:15 INFO  - jmeter.JMeter: java.vm.name=Java HotSpot(TM) 64-Bit Server VM 
2016/12/07 17:08:15 INFO  - jmeter.JMeter: os.name=Linux 
2016/12/07 17:08:15 INFO  - jmeter.JMeter: os.arch=amd64 
2016/12/07 17:08:15 INFO  - jmeter.JMeter: os.version=3.13.0-105-generic 
2016/12/07 17:08:15 INFO  - jmeter.JMeter: file.encoding=UTF-8 
2016/12/07 17:08:15 INFO  - jmeter.JMeter: Default Locale=English (India) 
2016/12/07 17:08:15 INFO  - jmeter.JMeter: JMeter  Locale=English (India) 
2016/12/07 17:08:15 INFO  - jmeter.JMeter: JMeterHome=/usr/share/jmeter 
2016/12/07 17:08:15 INFO  - jmeter.JMeter: user.dir  =/opt/apache-jmeter-2.13/bin 
2016/12/07 17:08:15 INFO  - jmeter.JMeter: PWD       =/opt/apache-jmeter-2.13/bin 
2016/12/07 17:08:15 INFO  - jmeter.JMeter: IP: 127.0.1.1 Name: mukesh-Lenovo-G580 FullName: mukesh-Lenovo-G580 
2016/12/07 17:08:15 INFO  - jmeter.engine.RemoteJMeterEngineImpl: Starting backing engine on 1099 
2016/12/07 17:08:15 INFO  - jmeter.engine.RemoteJMeterEngineImpl: IP address=127.0.1.1 
2016/12/07 17:08:15 ERROR - jmeter.JMeter: Giving up, as server failed with: java.rmi.RemoteException: Cannot start. mukesh-Lenovo-G580 is a loopback address.
	at org.apache.jmeter.engine.RemoteJMeterEngineImpl.init(RemoteJMeterEngineImpl.java:102)
	at org.apache.jmeter.engine.RemoteJMeterEngineImpl.startServer(RemoteJMeterEngineImpl.java:81)
	at org.apache.jmeter.JMeter.start(JMeter.java:361)
	at sun.reflect.NativeMethodAccessorImpl.invoke0(Native Method)
	at sun.reflect.NativeMethodAccessorImpl.invoke(NativeMethodAccessorImpl.java:62)
	at sun.reflect.DelegatingMethodAccessorImpl.invoke(DelegatingMethodAccessorImpl.java:43)
	at java.lang.reflect.Method.invoke(Method.java:498)
	at org.apache.jmeter.NewDriver.main(NewDriver.java:216)

2016/12/07 17:08:15 FATAL - jmeter.JMeter: An error occurred:  java.rmi.RemoteException: Cannot start. mukesh-Lenovo-G580 is a loopback address.
	at org.apache.jmeter.engine.RemoteJMeterEngineImpl.init(RemoteJMeterEngineImpl.java:102)
	at org.apache.jmeter.engine.RemoteJMeterEngineImpl.startServer(RemoteJMeterEngineImpl.java:81)
	at org.apache.jmeter.JMeter.start(JMeter.java:361)
	at sun.reflect.NativeMethodAccessorImpl.invoke0(Native Method)
	at sun.reflect.NativeMethodAccessorImpl.invoke(NativeMethodAccessorImpl.java:62)
	at sun.reflect.DelegatingMethodAccessorImpl.invoke(DelegatingMethodAccessorImpl.java:43)
	at java.lang.reflect.Method.invoke(Method.java:498)
	at org.apache.jmeter.NewDriver.main(NewDriver.java:216)

