2017/01/05 12:28:56 WARN  - org.jmeterplugins.repository.PluginManagerMenuItem: Failed to load plugin updates info java.net.SocketTimeoutException: Read timed out
	at java.net.SocketInputStream.socketRead0(Native Method)
	at java.net.SocketInputStream.socketRead(SocketInputStream.java:116)
	at java.net.SocketInputStream.read(SocketInputStream.java:170)
	at java.net.SocketInputStream.read(SocketInputStream.java:141)
	at sun.security.ssl.InputRecord.readFully(InputRecord.java:465)
	at sun.security.ssl.InputRecord.read(InputRecord.java:503)
	at sun.security.ssl.SSLSocketImpl.readRecord(SSLSocketImpl.java:973)
	at sun.security.ssl.SSLSocketImpl.performInitialHandshake(SSLSocketImpl.java:1375)
	at sun.security.ssl.SSLSocketImpl.startHandshake(SSLSocketImpl.java:1403)
	at sun.security.ssl.SSLSocketImpl.startHandshake(SSLSocketImpl.java:1387)
	at org.apache.http.conn.ssl.SSLSocketFactory.connectSocket(SSLSocketFactory.java:553)
	at org.apache.http.conn.ssl.SSLSocketFactory.connectSocket(SSLSocketFactory.java:412)
	at org.apache.http.impl.conn.DefaultClientConnectionOperator.openConnection(DefaultClientConnectionOperator.java:179)
	at org.apache.http.impl.conn.ManagedClientConnectionImpl.open(ManagedClientConnectionImpl.java:328)
	at org.apache.http.impl.client.DefaultRequestDirector.tryConnect(DefaultRequestDirector.java:612)
	at org.apache.http.impl.client.DefaultRequestDirector.execute(DefaultRequestDirector.java:447)
	at org.apache.http.impl.client.AbstractHttpClient.doExecute(AbstractHttpClient.java:884)
	at org.apache.http.impl.client.CloseableHttpClient.execute(CloseableHttpClient.java:82)
	at org.apache.http.impl.client.CloseableHttpClient.execute(CloseableHttpClient.java:107)
	at org.apache.http.impl.client.CloseableHttpClient.execute(CloseableHttpClient.java:55)
	at org.jmeterplugins.repository.PluginManager.getJSON(PluginManager.java:149)
	at org.jmeterplugins.repository.PluginManager.load(Pl2017/01/05 12:29:02 INFO  - jmeter.util.BSFTestElement: Registering JMeter version of JavaScript engine as work-round for BSF-22 
2017/01/05 12:29:02 INFO  - jmeter.protocol.http.sampler.HTTPSamplerBase: Cannot find .className property for htmlParser, using default 
2017/01/05 12:29:02 INFO  - jmeter.protocol.http.sampler.HTTPSamplerBase: Parser for text/html is  
2017/01/05 12:29:02 INFO  - jmeter.protocol.http.sampler.HTTPSamplerBase: Parser for application/xhtml+xml is  
2017/01/05 12:29:02 INFO  - jmeter.protocol.http.sampler.HTTPSamplerBase: Parser for application/xml is  
2017/01/05 12:29:02 INFO  - jmeter.protocol.http.sampler.HTTPSamplerBase: Parser for text/xml is  
2017/01/05 12:29:02 INFO  - jmeter.protocol.http.sampler.HTTPSamplerBase: Parser for text/vnd.wap.wml is org.apache.jmeter.protocol.http.parser.RegexpHTMLParser 
2017/01/05 12:29:02 INFO  - jmeter.gui.util.MenuFactory: Skipping org.apache.jmeter.protocol.http.control.gui.WebServiceSamplerGui 
2017/01/05 12:29:02 INFO  - jmeter.gui.util.MenuFactory: Skipping org.apache.jmeter.protocol.http.modifier.gui.ParamModifierGui 
2017/01/05 12:29:04 INFO  - jmeter.protocol.http.proxy.ProxyControl: HTTP(S) Test Script Recorder SSL Proxy will use keys that support embedded 3rd party resources in file /opt/apache-jmeter-2.13/bin/proxyserver.jks 
2017/01/05 12:29:05 INFO  - jmeter.samplers.SampleResult: Note: Sample TimeStamps are START times 
2017/01/05 12:29:05 INFO  - jmeter.samplers.SampleResult: sampleresult.default.encoding is set to ISO-8859-1 
2017/01/05 12:29:05 INFO  - jmeter.samplers.SampleResult: sampleresult.useNanoTime=true 
2017/01/05 12:29:05 INFO  - jmeter.samplers.SampleResult: sampleresult.nanoThreadSleep=5000 
2017/01/05 12:31:33 INFO  - jmeter.services.FileServer: Default base='/opt/apache-jmeter-2.13/bin' 
2017/01/05 12:31:33 INFO  - jmeter.gui.action.Load: Loading file: /opt/apache-jmeter-2.13/extras/WhileController.jmx 
2017/01/05 12:31:33 INFO  - jmeter.services.FileServer: Set new base='/opt/apache-jmeter-2.13/extras' 
2017/01/05 12:31:34 INFO  - jmeter.save.SaveService: Testplan (JMX) version: 2.2. Testlog (JTL) version: 2.2 
2017/01/05 12:31:34 INFO  - jmeter.save.SaveService: Using SaveService properties file encoding UTF-8 
2017/01/05 12:31:34 INFO  - jmeter.save.SaveService: Using SaveService properties file version 1656252 
2017/01/05 12:31:34 INFO  - jmeter.save.SaveService: Using SaveService properties version 2.8 
2017/01/05 12:31:34 INFO  - jmeter.save.SaveService: All converter versions present and correct 
2017/01/05 12:31:34 INFO  - jmeter.save.SaveService: Loading file: /opt/apache-jmeter-2.13/extras/WhileController.jmx 
2017/01/05 12:31:34 INFO  - jmeter.protocol.http.control.CookieManager: Settings: Delete null: true Check: true Allow variable: true Save: false Prefix: COOKIE_ 
2017/01/05 12:31:34 INFO  - jmeter.protocol.http.control.CacheManager: Will only cache the following methods: [GET] 
2017/01/05 12:31:34 INFO  - jmeter.services.FileServer: Set new base='/opt/apache-jmeter-2.13/extras' 
